0 verbose cli C:\Program Files\nodejs\node.exe C:\Users\Sarah rs\AppData\Roaming\npm\node_modules\npm\bin\npm-cli.js
1 info using npm@8.13.2
2 info using node@v14.18.1
3 timing npm:load:whichnode Completed in 0ms
4 timing config:load:defaults Completed in 2ms
5 timing config:load:file:C:\Users\Sarah rs\AppData\Roaming\npm\node_modules\npm\npmrc Completed in 3ms
6 timing config:load:builtin Completed in 3ms
7 timing config:load:cli Completed in 3ms
8 timing config:load:env Completed in 1ms
9 timing config:load:file:C:\Users\Sarah rs\AppData\Local\Microsoft\TypeScript\4.7\.npmrc Completed in 0ms
10 timing config:load:project Completed in 4ms
11 timing config:load:file:C:\Users\Sarah rs\.npmrc Completed in 0ms
12 timing config:load:user Completed in 0ms
13 timing config:load:file:C:\Users\Sarah rs\AppData\Roaming\npm\etc\npmrc Completed in 0ms
14 timing config:load:global Completed in 0ms
15 timing config:load:validate Completed in 0ms
16 timing config:load:credentials Completed in 1ms
17 timing config:load:setEnvs Completed in 1ms
18 timing config:load Completed in 17ms
19 timing npm:load:configload Completed in 17ms
20 timing npm:load:mkdirpcache Completed in 1ms
21 timing npm:load:mkdirplogs Completed in 0ms
22 verbose title npm install types-registry@latest
23 verbose argv "install" "--ignore-scripts" "types-registry@latest"
24 timing npm:load:setTitle Completed in 2ms
25 timing config:load:flatten Completed in 4ms
26 timing npm:load:display Completed in 5ms
27 verbose logfile logs-max:10 dir:C:\Users\Sarah rs\Desktop\Estudos\Reprograma\projeto-final\e-de-cume\tmpnodejsnpm-cache\_logs
28 verbose logfile C:\Users\Sarah rs\Desktop\Estudos\Reprograma\projeto-final\e-de-cume\tmpnodejsnpm-cache\_logs\2022-07-30T05_56_50_455Z-debug-0.log
29 timing npm:load:logFile Completed in 6ms
30 timing npm:load:timers Completed in 0ms
31 timing npm:load:configScope Completed in 0ms
32 timing npm:load Completed in 31ms
33 timing arborist:ctor Completed in 0ms
34 silly logfile done cleaning log files
35 timing idealTree:init Completed in 104ms
36 timing arborist:ctor Completed in 0ms
37 http fetch GET 200 https://registry.npmjs.org/types-registry 67ms (cache hit)
38 timing idealTree:userRequests Completed in 84ms
39 silly idealTree buildDeps
40 silly fetch manifest types-registry@0.1.602
41 silly placeDep ROOT types-registry@0.1.602 REPLACE for:  want: 0.1.602
42 timing idealTree:#root Completed in 9ms
43 timing idealTree:node_modules/types-registry Completed in 0ms
44 timing idealTree:buildDeps Completed in 10ms
45 timing idealTree:fixDepFlags Completed in 1ms
46 timing idealTree Completed in 201ms
47 timing reify:loadTrees Completed in 201ms
48 timing reify:diffTrees Completed in 3ms
49 silly reify moves {}
50 timing reify:retireShallow Completed in 1ms
51 timing reify:createSparse Completed in 0ms
52 timing reify:loadBundles Completed in 0ms
53 silly audit bulk request {
53 silly audit   '@types/abbrev': [ '1.1.2' ],
53 silly audit   '@types/accepts': [ '1.3.5' ],
53 silly audit   '@types/balanced-match': [ '1.0.2' ],
53 silly audit   '@types/bcrypt': [ '5.0.0' ],
53 silly audit   '@types/body-parser': [ '1.19.2' ],
53 silly audit   '@types/brace-expansion': [ '1.1.0' ],
53 silly audit   '@types/braces': [ '3.0.1' ],
53 silly audit   '@types/bytes': [ '3.1.1' ],
53 silly audit   '@types/cacheable-request': [ '6.0.2' ],
53 silly audit   '@types/call-bind': [ '1.0.1' ],
53 silly audit   '@types/co': [ '4.6.3' ],
53 silly audit   '@types/color-convert': [ '2.0.0' ],
53 silly audit   '@types/color-name': [ '1.1.1' ],
53 silly audit   '@types/concat-map': [ '0.0.1' ],
53 silly audit   '@types/configstore': [ '5.0.1' ],
53 silly audit   '@types/connect': [ '3.4.35' ],
53 silly audit   '@types/content-disposition': [ '0.5.5' ],
53 silly audit   '@types/content-type': [ '1.1.5' ],
53 silly audit   '@types/cookie': [ '0.5.1' ],
53 silly audit   '@types/cookie-signature': [ '1.0.4' ],
53 silly audit   '@types/cookiejar': [ '2.1.2' ],
53 silly audit   '@types/cors': [ '2.8.12' ],
53 silly audit   '@types/d': [ '1.0.1' ],
53 silly audit   '@types/debug': [ '4.1.7' ],
53 silly audit   '@types/deep-extend': [ '0.4.32' ],
53 silly audit   '@types/depd': [ '1.1.32' ],
53 silly audit   '@types/destroy': [ '1.0.0' ],
53 silly audit   '@types/dot': [ '1.1.5' ],
53 silly audit   '@types/dotenv-safe': [ '8.1.2' ],
53 silly audit   '@types/duplexer3': [ '0.1.1' ],
53 silly audit   '@types/ee-first': [ '1.1.0' ],
53 silly audit   '@types/encodeurl': [ '1.0.0' ],
53 silly audit   '@types/end-of-stream': [ '1.4.1' ],
53 silly audit   '@types/escape-html': [ '1.0.2' ],
53 silly audit   '@types/eslint': [ '8.4.5' ],
53 silly audit   '@types/eslint-plugin-markdown': [ '2.0.0' ],
53 silly audit   '@types/estree': [ '0.0.52' ],
53 silly audit   '@types/etag': [ '1.8.1' ],
53 silly audit   '@types/express': [ '4.17.13' ],
53 silly audit   '@types/express-serve-static-core': [ '4.17.29' ],
53 silly audit   '@types/fill-range': [ '7.0.0' ],
53 silly audit   '@types/finalhandler': [ '1.1.1' ],
53 silly audit   '@types/forwarded': [ '0.1.0' ],
53 silly audit   '@types/fresh': [ '0.5.0' ],
53 silly audit   '@types/function-bind': [ '1.1.7' ],
53 silly audit   '@types/get-intrinsic': [ '1.0.0' ],
53 silly audit   '@types/glob-parent': [ '5.1.1' ],
53 silly audit   '@types/got': [ '9.6.12' ],
53 silly audit   '@types/graceful-fs': [ '4.1.5' ],
53 silly audit   '@types/has': [ '1.0.0' ],
53 silly audit   '@types/has-symbols': [ '1.0.0' ],
53 silly audit   '@types/http-cache-semantics': [ '4.0.1' ],
53 silly audit   '@types/http-errors': [ '1.8.2' ],
53 silly audit   '@types/imurmurhash': [ '0.1.1' ],
53 silly audit   '@types/inherits': [ '0.0.30' ],
53 silly audit   '@types/ini': [ '1.3.31' ],
53 silly audit   '@types/is-ci': [ '3.0.0' ],
53 silly audit   '@types/is-glob': [ '4.0.2' ],
53 silly audit   '@types/is-number': [ '7.0.3' ],
53 silly audit   '@types/is-typedarray': [ '1.0.0' ],
53 silly audit   '@types/json-buffer': [ '3.0.0' ],
53 silly audit   '@types/json-schema': [ '7.0.11' ],
53 silly audit   '@types/jsonwebtoken': [ '8.5.8' ],
53 silly audit   '@types/keyv': [ '3.1.4' ],
53 silly audit   '@types/media-typer': [ '1.1.1' ],
53 silly audit   '@types/merge-descriptors': [ '1.0.1' ],
53 silly audit   '@types/methods': [ '1.1.1' ],
53 silly audit   '@types/mime': [ '2.0.3', '1.3.2' ],
53 silly audit   '@types/mime-db': [ '1.43.1' ],
53 silly audit   '@types/mime-types': [ '2.1.1' ],
53 silly audit   '@types/minimatch': [ '3.0.5' ],
53 silly audit   '@types/minimist': [ '1.2.2' ],
53 silly audit   '@types/mocha': [ '9.1.1' ],
53 silly audit   '@types/ms': [ '0.7.31' ],
53 silly audit   '@types/negotiator': [ '0.6.1' ],
53 silly audit   '@types/node': [ '18.0.0' ],
53 silly audit   '@types/nodemon': [ '1.19.2' ],
53 silly audit   '@types/nopt': [ '3.0.29' ],
53 silly audit   '@types/normalize-path': [ '3.0.0' ],
53 silly audit   '@types/object-inspect': [ '1.8.1' ],
53 silly audit   '@types/on-finished': [ '2.3.1' ],
53 silly audit   '@types/once': [ '1.4.0' ],
53 silly audit   '@types/parseurl': [ '1.3.1' ],
53 silly audit   '@types/picomatch': [ '2.3.0' ],
53 silly audit   '@types/proxy-addr': [ '2.0.0' ],
53 silly audit   '@types/pump': [ '1.1.1' ],
53 silly audit   '@types/qs': [ '6.9.7' ],
53 silly audit   '@types/range-parser': [ '1.2.4' ],
53 silly audit   '@types/rc': [ '1.2.1' ],
53 silly audit   '@types/registry-auth-token': [ '4.2.1' ],
53 silly audit   '@types/responselike': [ '1.0.0' ],
53 silly audit   '@types/safer-buffer': [ '2.1.0' ],
53 silly audit   '@types/semantic-release': [ '17.2.3' ],
53 silly audit   '@types/semver': [ '7.3.10' ],
53 silly audit   '@types/send': [ '0.17.1' ],
53 silly audit   '@types/serve-static': [ '1.13.10' ],
53 silly audit   '@types/signal-exit': [ '3.0.1' ],
53 silly audit   '@types/statuses': [ '2.0.0' ],
53 silly audit   '@types/superagent': [ '4.1.15' ],
53 silly audit   '@types/supertest': [ '2.0.12' ],
53 silly audit   '@types/supports-color': [ '8.1.1' ],
53 silly audit   '@types/tap': [ '15.0.7' ],
53 silly audit   '@types/to-regex-range': [ '5.0.0' ],
53 silly audit   '@types/touch': [ '3.1.2' ],
53 silly audit   '@types/tough-cookie': [ '4.0.2' ],
53 silly audit   '@types/type-is': [ '1.6.3' ],
53 silly audit   '@types/typedarray-to-buffer': [ '4.0.0' ],
53 silly audit   '@types/unist': [ '2.0.6' ],
53 silly audit   '@types/update-notifier': [ '5.1.0' ],
53 silly audit   '@types/url-parse-lax': [ '5.0.0' ],
53 silly audit   '@types/utils-merge': [ '0.0.28' ],
53 silly audit   '@types/vary': [ '1.1.0' ],
53 silly audit   '@types/wrap-ansi': [ '8.0.1' ],
53 silly audit   '@types/write-file-atomic': [ '4.0.0' ],
53 silly audit   '@types/yallist': [ '4.0.1' ],
53 silly audit   'ansi-align': [ '3.0.1' ],
53 silly audit   'ansi-regex': [ '5.0.1' ],
53 silly audit   'ansi-styles': [ '4.3.0' ],
53 silly audit   asynckit: [ '0.4.0' ],
53 silly audit   boxen: [ '4.2.0' ],
53 silly audit   camelcase: [ '5.3.1' ],
53 silly audit   chalk: [ '3.0.0' ],
53 silly audit   'ci-info': [ '3.3.2' ],
53 silly audit   'cli-boxes': [ '2.2.1' ],
53 silly audit   'color-convert': [ '2.0.1' ],
53 silly audit   'color-name': [ '1.1.4' ],
53 silly audit   'combined-stream': [ '1.0.8' ],
53 silly audit   'delayed-stream': [ '1.0.0' ],
53 silly audit   dotenv: [ '8.6.0' ],
53 silly audit   'emoji-regex': [ '8.0.0' ],
53 silly audit   'form-data': [ '2.5.1' ],
53 silly audit   'has-flag': [ '4.0.0' ],
53 silly audit   'is-fullwidth-code-point': [ '3.0.0' ],
53 silly audit   'mime-db': [ '1.52.0' ],
53 silly audit   'mime-types': [ '2.1.35' ],
53 silly audit   'string-width': [ '4.2.3' ],
53 silly audit   'strip-ansi': [ '6.0.1' ],
53 silly audit   'supports-color': [ '7.2.0' ],
53 silly audit   'term-size': [ '2.2.1' ],
53 silly audit   'type-fest': [ '0.8.1' ],
53 silly audit   'widest-line': [ '3.1.0' ],
53 silly audit   'types-registry': [ '0.1.602' ]
53 silly audit }
54 timing reify:unpack Completed in 0ms
55 timing reify:unretire Completed in 0ms
56 timing build:queue Completed in 0ms
57 timing build:deps Completed in 0ms
58 timing build Completed in 1ms
59 timing reify:build Completed in 1ms
60 timing reify:trash Completed in 0ms
61 timing reify:save Completed in 55ms
62 http fetch POST 200 https://registry.npmjs.org/-/npm/v1/security/advisories/bulk 454ms
63 timing auditReport:getReport Completed in 458ms
64 silly audit report {}
65 timing auditReport:init Completed in 0ms
66 timing reify:audit Completed in 458ms
67 timing reify Completed in 700ms
68 timing command:install Completed in 706ms
69 verbose exit 0
70 timing npm Completed in 846ms
71 info ok
